<?xml version="1.0" encoding="UTF-8"?>
<testng-results skipped="0" failed="0" total="1" passed="1">
  <reporter-output>
  </reporter-output>
  <suite name="Suite" duration-ms="25653" started-at="2020-02-29T23:26:47Z" finished-at="2020-02-29T23:27:13Z">
    <groups>
    </groups>
    <test name="TestNG_Formulario" duration-ms="25653" started-at="2020-02-29T23:26:47Z" finished-at="2020-02-29T23:27:13Z">
      <class name="Test.TestFormulario">
        <test-method status="PASS" signature="setUp()[pri:0, instance:Test.TestFormulario@1610302]" name="setUp" is-config="true" duration-ms="4855" started-at="2020-02-29T18:26:47Z" finished-at="2020-02-29T18:26:52Z">
          <reporter-output>
          </reporter-output>
        </test-method> <!-- setUp -->
        <test-method status="PASS" signature="RegistrarFormulario(java.lang.String, java.lang.String, java.lang.String, java.lang.String, java.lang.String, java.lang.String, java.lang.String)[pri:0, instance:Test.TestFormulario@1610302]" name="RegistrarFormulario" duration-ms="19729" started-at="2020-02-29T18:26:53Z" data-provider="getTestData" finished-at="2020-02-29T18:27:13Z">
          <params>
            <param index="0">
              <value>
                <![CDATA[Nataly Huánuco]]>
              </value>
            </param>
            <param index="1">
              <value>
                <![CDATA[nshg1997@gmail.com]]>
              </value>
            </param>
            <param index="2">
              <value>
                <![CDATA[07-Sep-1997]]>
              </value>
            </param>
            <param index="3">
              <value>
                <![CDATA[Mujer]]>
              </value>
            </param>
            <param index="4">
              <value>
                <![CDATA[Leer Libro]]>
              </value>
            </param>
            <param index="5">
              <value>
                <![CDATA[Santa Anita]]>
              </value>
            </param>
            <param index="6">
              <value>
                <![CDATA[Registro de Prueba 1]]>
              </value>
            </param>
          </params>
          <reporter-output>
          </reporter-output>
        </test-method> <!-- RegistrarFormulario -->
        <test-method status="PASS" signature="tearDown()[pri:0, instance:Test.TestFormulario@1610302]" name="tearDown" is-config="true" duration-ms="16" started-at="2020-02-29T18:27:13Z" finished-at="2020-02-29T18:27:13Z">
          <reporter-output>
          </reporter-output>
        </test-method> <!-- tearDown -->
      </class> <!-- Test.TestFormulario -->
    </test> <!-- TestNG_Formulario -->
  </suite> <!-- Suite -->
</testng-results>
